# JRE version: Java(TM) SE Runtime Environment (8.0_131-b11) (build 1.8.0_131-b11)
# Java VM: Java HotSpot(TM) 64-Bit Server VM (25.131-b11 mixed mode windows-amd64 compressed oops)
Heap:
 PSYoungGen      total 234496K, used 211807K [0x000000076b400000, 0x000000077ab00000, 0x00000007c0000000)
  eden space 217088K, 95% used [0x000000076b400000,0x0000000777f25740,0x0000000778800000)
  from space 17408K, 21% used [0x0000000778900000,0x0000000778cb26e0,0x0000000779a00000)
  to   space 16896K, 0% used [0x0000000779a80000,0x0000000779a80000,0x000000077ab00000)
 ParOldGen       total 126976K, used 21573K [0x00000006c1c00000, 0x00000006c9800000, 0x000000076b400000)
  object space 126976K, 16% used [0x00000006c1c00000,0x00000006c3111778,0x00000006c9800000)
 Metaspace       used 56834K, capacity 59584K, committed 59776K, reserved 1114112K
  class space    used 6991K, capacity 7454K, committed 7552K, reserved 1048576K
GC Heap History (10 events):
Event: 11.215 GC heap before
{Heap before GC invocations=18 (full 3):
 PSYoungGen      total 220672K, used 1953K [0x000000076b400000, 0x000000077b700000, 0x00000007c0000000)
  eden space 207872K, 0% used [0x000000076b400000,0x000000076b5e8758,0x0000000777f00000)
  from space 12800K, 0% used [0x000000077aa80000,0x000000077aa80000,0x000000077b700000)
  to   space 12800K, 0% used [0x0000000777f00000,0x0000000777f00000,0x0000000778b80000)
 ParOldGen       total 126976K, used 25708K [0x00000006c1c00000, 0x00000006c9800000, 0x000000076b400000)
  object space 126976K, 20% used [0x00000006c1c00000,0x00000006c351b2c0,0x00000006c9800000)
 Metaspace       used 51422K, capacity 54080K, committed 54144K, reserved 1114112K
  class space    used 6527K, capacity 7018K, committed 7040K, reserved 1048576K
Event: 11.216 GC heap after
Heap after GC invocations=18 (full 3):
 PSYoungGen      total 220672K, used 224K [0x000000076b400000, 0x000000077b700000, 0x00000007c0000000)
  eden space 207872K, 0% used [0x000000076b400000,0x000000076b400000,0x0000000777f00000)
  from space 12800K, 1% used [0x0000000777f00000,0x0000000777f38000,0x0000000778b80000)
  to   space 12800K, 0% used [0x000000077aa80000,0x000000077aa80000,0x000000077b700000)
 ParOldGen       total 126976K, used 25708K [0x00000006c1c00000, 0x00000006c9800000, 0x000000076b400000)
  object space 126976K, 20% used [0x00000006c1c00000,0x00000006c351b2c0,0x00000006c9800000)
 Metaspace       used 51422K, capacity 54080K, committed 54144K, reserved 1114112K
  class space    used 6527K, capacity 7018K, committed 7040K, reserved 1048576K
}
Event: 11.216 GC heap before
{Heap before GC invocations=19 (full 4):
 PSYoungGen      total 220672K, used 224K [0x000000076b400000, 0x000000077b700000, 0x00000007c0000000)
  eden space 207872K, 0% used [0x000000076b400000,0x000000076b400000,0x0000000777f00000)
  from space 12800K, 1% used [0x0000000777f00000,0x0000000777f38000,0x0000000778b80000)
  to   space 12800K, 0% used [0x000000077aa80000,0x000000077aa80000,0x000000077b700000)
 ParOldGen       total 126976K, used 25708K [0x00000006c1c00000, 0x00000006c9800000, 0x000000076b400000)
  object space 126976K, 20% used [0x00000006c1c00000,0x00000006c351b2c0,0x00000006c9800000)
 Metaspace       used 51422K, capacity 54080K, committed 54144K, reserved 1114112K
  class space    used 6527K, capacity 7018K, committed 7040K, reserved 1048576K
Event: 11.275 GC heap after
Heap after GC invocations=19 (full 4):
 PSYoungGen      total 220672K, used 0K [0x000000076b400000, 0x000000077b700000, 0x00000007c0000000)
  eden space 207872K, 0% used [0x000000076b400000,0x000000076b400000,0x0000000777f00000)
  from space 12800K, 0% used [0x0000000777f00000,0x0000000777f00000,0x0000000778b80000)
  to   space 12800K, 0% used [0x000000077aa80000,0x000000077aa80000,0x000000077b700000)
 ParOldGen       total 126976K, used 24379K [0x00000006c1c00000, 0x00000006c9800000, 0x000000076b400000)
  object space 126976K, 19% used [0x00000006c1c00000,0x00000006c33cec28,0x00000006c9800000)
 Metaspace       used 51422K, capacity 54080K, committed 54144K, reserved 1110016K
  class space    used 6527K, capacity 7018K, committed 7040K, reserved 1048576K
}
Event: 11.275 GC heap before
{Heap before GC invocations=20 (full 4):
 PSYoungGen      total 220672K, used 0K [0x000000076b400000, 0x000000077b700000, 0x00000007c0000000)
  eden space 207872K, 0% used [0x000000076b400000,0x000000076b400000,0x0000000777f00000)
  from space 12800K, 0% used [0x0000000777f00000,0x0000000777f00000,0x0000000778b80000)
  to   space 12800K, 0% used [0x000000077aa80000,0x000000077aa80000,0x000000077b700000)
 ParOldGen       total 126976K, used 24379K [0x00000006c1c00000, 0x00000006c9800000, 0x000000076b400000)
  object space 126976K, 19% used [0x00000006c1c00000,0x00000006c33cec28,0x00000006c9800000)
 Metaspace       used 51422K, capacity 54080K, committed 54144K, reserved 1114112K
  class space    used 6527K, capacity 7018K, committed 7040K, reserved 1048576K
Event: 11.277 GC heap after
Heap after GC invocations=20 (full 4):
 PSYoungGen      total 215040K, used 0K [0x000000076b400000, 0x000000077ab00000, 0x00000007c0000000)
  eden space 214528K, 0% used [0x000000076b400000,0x000000076b400000,0x0000000778580000)
  from space 512K, 0% used [0x000000077aa80000,0x000000077aa80000,0x000000077ab00000)
  to   space 17408K, 0% used [0x0000000778900000,0x0000000778900000,0x0000000779a00000)
 ParOldGen       total 126976K, used 24379K [0x00000006c1c00000, 0x00000006c9800000, 0x000000076b400000)
  object space 126976K, 19% used [0x00000006c1c00000,0x00000006c33cec28,0x00000006c9800000)
 Metaspace       used 51422K, capacity 54080K, committed 54144K, reserved 1114112K
  class space    used 6527K, capacity 7018K, committed 7040K, reserved 1048576K
}
Event: 11.277 GC heap before
{Heap before GC invocations=21 (full 5):
 PSYoungGen      total 215040K, used 0K [0x000000076b400000, 0x000000077ab00000, 0x00000007c0000000)
  eden space 214528K, 0% used [0x000000076b400000,0x000000076b400000,0x0000000778580000)
  from space 512K, 0% used [0x000000077aa80000,0x000000077aa80000,0x000000077ab00000)
  to   space 17408K, 0% used [0x0000000778900000,0x0000000778900000,0x0000000779a00000)
 ParOldGen       total 126976K, used 24379K [0x00000006c1c00000, 0x00000006c9800000, 0x000000076b400000)
  object space 126976K, 19% used [0x00000006c1c00000,0x00000006c33cec28,0x00000006c9800000)
 Metaspace       used 51422K, capacity 54080K, committed 54144K, reserved 1114112K
  class space    used 6527K, capacity 7018K, committed 7040K, reserved 1048576K
Event: 11.451 GC heap after
Heap after GC invocations=21 (full 5):
 PSYoungGen      total 215040K, used 0K [0x000000076b400000, 0x000000077ab00000, 0x00000007c0000000)
  eden space 214528K, 0% used [0x000000076b400000,0x000000076b400000,0x0000000778580000)
  from space 512K, 0% used [0x000000077aa80000,0x000000077aa80000,0x000000077ab00000)
  to   space 17408K, 0% used [0x0000000778900000,0x0000000778900000,0x0000000779a00000)
 ParOldGen       total 126976K, used 21565K [0x00000006c1c00000, 0x00000006c9800000, 0x000000076b400000)
  object space 126976K, 16% used [0x00000006c1c00000,0x00000006c310f778,0x00000006c9800000)
 Metaspace       used 51239K, capacity 53788K, committed 54144K, reserved 1110016K
  class space    used 6496K, capacity 6964K, committed 7040K, reserved 1048576K
}
Event: 11.843 GC heap before
{Heap before GC invocations=22 (full 5):
 PSYoungGen      total 215040K, used 214528K [0x000000076b400000, 0x000000077ab00000, 0x00000007c0000000)
  eden space 214528K, 100% used [0x000000076b400000,0x0000000778580000,0x0000000778580000)
  from space 512K, 0% used [0x000000077aa80000,0x000000077aa80000,0x000000077ab00000)
  to   space 17408K, 0% used [0x0000000778900000,0x0000000778900000,0x0000000779a00000)
 ParOldGen       total 126976K, used 21565K [0x00000006c1c00000, 0x00000006c9800000, 0x000000076b400000)
  object space 126976K, 16% used [0x00000006c1c00000,0x00000006c310f778,0x00000006c9800000)
 Metaspace       used 52971K, capacity 55574K, committed 56064K, reserved 1110016K
  class space    used 6651K, capacity 7103K, committed 7168K, reserved 1048576K
Event: 11.846 GC heap after
Heap after GC invocations=22 (full 5):
 PSYoungGen      total 234496K, used 3785K [0x000000076b400000, 0x000000077ab00000, 0x00000007c0000000)
  eden space 217088K, 0% used [0x000000076b400000,0x000000076b400000,0x0000000778800000)
  from space 17408K, 21% used [0x0000000778900000,0x0000000778cb26e0,0x0000000779a00000)
  to   space 16896K, 0% used [0x0000000779a80000,0x0000000779a80000,0x000000077ab00000)
 ParOldGen       total 126976K, used 21573K [0x00000006c1c00000, 0x00000006c9800000, 0x000000076b400000)
  object space 126976K, 16% used [0x00000006c1c00000,0x00000006c3111778,0x00000006c9800000)
 Metaspace       used 52971K, capacity 55574K, committed 56064K, reserved 1110016K
  class space    used 6651K, capacity 7103K, committed 7168K, reserved 1048576K
}

