# JRE version: Java(TM) SE Runtime Environment (8.0_131-b11) (build 1.8.0_131-b11)
# Java VM: Java HotSpot(TM) 64-Bit Server VM (25.131-b11 mixed mode windows-amd64 compressed oops)
Heap:
 PSYoungGen      total 174592K, used 25003K [0x000000076b400000, 0x0000000776e00000, 0x00000007c0000000)
  eden space 162816K, 15% used [0x000000076b400000,0x000000076cc6ad80,0x0000000775300000)
  from space 11776K, 0% used [0x0000000775f00000,0x0000000775f00000,0x0000000776a80000)
  to   space 12288K, 0% used [0x0000000775300000,0x0000000775300000,0x0000000775f00000)
 ParOldGen       total 146944K, used 14214K [0x00000006c1c00000, 0x00000006cab80000, 0x000000076b400000)
  object space 146944K, 9% used [0x00000006c1c00000,0x00000006c29e1ac0,0x00000006cab80000)
 Metaspace       used 35212K, capacity 37202K, committed 37544K, reserved 1083392K
  class space    used 4459K, capacity 4839K, committed 4912K, reserved 1048576K
GC Heap History (10 events):
Event: 6.851 GC heap before
{Heap before GC invocations=6 (full 1):
 PSYoungGen      total 76288K, used 69149K [0x000000076b400000, 0x0000000772e00000, 0x00000007c0000000)
  eden space 65536K, 100% used [0x000000076b400000,0x000000076f400000,0x000000076f400000)
  from space 10752K, 33% used [0x000000076fe80000,0x0000000770207538,0x0000000770900000)
  to   space 10752K, 0% used [0x000000076f400000,0x000000076f400000,0x000000076fe80000)
 ParOldGen       total 97792K, used 7260K [0x00000006c1c00000, 0x00000006c7b80000, 0x000000076b400000)
  object space 97792K, 7% used [0x00000006c1c00000,0x00000006c2317308,0x00000006c7b80000)
 Metaspace       used 23931K, capacity 25464K, committed 25776K, reserved 1071104K
  class space    used 3097K, capacity 3382K, committed 3504K, reserved 1048576K
Event: 6.854 GC heap after
Heap after GC invocations=6 (full 1):
 PSYoungGen      total 76288K, used 4021K [0x000000076b400000, 0x0000000772c80000, 0x00000007c0000000)
  eden space 65536K, 0% used [0x000000076b400000,0x000000076b400000,0x000000076f400000)
  from space 10752K, 37% used [0x000000076f400000,0x000000076f7ed6c0,0x000000076fe80000)
  to   space 10752K, 0% used [0x0000000772200000,0x0000000772200000,0x0000000772c80000)
 ParOldGen       total 97792K, used 7268K [0x00000006c1c00000, 0x00000006c7b80000, 0x000000076b400000)
  object space 97792K, 7% used [0x00000006c1c00000,0x00000006c2319308,0x00000006c7b80000)
 Metaspace       used 23931K, capacity 25464K, committed 25776K, reserved 1071104K
  class space    used 3097K, capacity 3382K, committed 3504K, reserved 1048576K
}
Event: 7.070 GC heap before
{Heap before GC invocations=7 (full 1):
 PSYoungGen      total 76288K, used 69557K [0x000000076b400000, 0x0000000772c80000, 0x00000007c0000000)
  eden space 65536K, 100% used [0x000000076b400000,0x000000076f400000,0x000000076f400000)
  from space 10752K, 37% used [0x000000076f400000,0x000000076f7ed6c0,0x000000076fe80000)
  to   space 10752K, 0% used [0x0000000772200000,0x0000000772200000,0x0000000772c80000)
 ParOldGen       total 97792K, used 7268K [0x00000006c1c00000, 0x00000006c7b80000, 0x000000076b400000)
  object space 97792K, 7% used [0x00000006c1c00000,0x00000006c2319308,0x00000006c7b80000)
 Metaspace       used 24253K, capacity 25818K, committed 26032K, reserved 1071104K
  class space    used 3136K, capacity 3425K, committed 3504K, reserved 1048576K
Event: 7.073 GC heap after
Heap after GC invocations=7 (full 1):
 PSYoungGen      total 112640K, used 3772K [0x000000076b400000, 0x0000000773100000, 0x00000007c0000000)
  eden space 101888K, 0% used [0x000000076b400000,0x000000076b400000,0x0000000771780000)
  from space 10752K, 35% used [0x0000000772200000,0x00000007725af120,0x0000000772c80000)
  to   space 10752K, 0% used [0x0000000771780000,0x0000000771780000,0x0000000772200000)
 ParOldGen       total 97792K, used 7276K [0x00000006c1c00000, 0x00000006c7b80000, 0x000000076b400000)
  object space 97792K, 7% used [0x00000006c1c00000,0x00000006c231b308,0x00000006c7b80000)
 Metaspace       used 24253K, capacity 25818K, committed 26032K, reserved 1071104K
  class space    used 3136K, capacity 3425K, committed 3504K, reserved 1048576K
}
Event: 8.471 GC heap before
{Heap before GC invocations=8 (full 1):
 PSYoungGen      total 112640K, used 105660K [0x000000076b400000, 0x0000000773100000, 0x00000007c0000000)
  eden space 101888K, 100% used [0x000000076b400000,0x0000000771780000,0x0000000771780000)
  from space 10752K, 35% used [0x0000000772200000,0x00000007725af120,0x0000000772c80000)
  to   space 10752K, 0% used [0x0000000771780000,0x0000000771780000,0x0000000772200000)
 ParOldGen       total 97792K, used 7276K [0x00000006c1c00000, 0x00000006c7b80000, 0x000000076b400000)
  object space 97792K, 7% used [0x00000006c1c00000,0x00000006c231b308,0x00000006c7b80000)
 Metaspace       used 29590K, capacity 31460K, committed 31664K, reserved 1077248K
  class space    used 3900K, capacity 4258K, committed 4272K, reserved 1048576K
Event: 8.478 GC heap after
Heap after GC invocations=8 (full 1):
 PSYoungGen      total 112640K, used 9421K [0x000000076b400000, 0x0000000776a80000, 0x00000007c0000000)
  eden space 101888K, 0% used [0x000000076b400000,0x000000076b400000,0x0000000771780000)
  from space 10752K, 87% used [0x0000000771780000,0x00000007720b3440,0x0000000772200000)
  to   space 11776K, 0% used [0x0000000775f00000,0x0000000775f00000,0x0000000776a80000)
 ParOldGen       total 97792K, used 7284K [0x00000006c1c00000, 0x00000006c7b80000, 0x000000076b400000)
  object space 97792K, 7% used [0x00000006c1c00000,0x00000006c231d308,0x00000006c7b80000)
 Metaspace       used 29590K, capacity 31460K, committed 31664K, reserved 1077248K
  class space    used 3900K, capacity 4258K, committed 4272K, reserved 1048576K
}
Event: 9.101 GC heap before
{Heap before GC invocations=9 (full 1):
 PSYoungGen      total 112640K, used 68084K [0x000000076b400000, 0x0000000776a80000, 0x00000007c0000000)
  eden space 101888K, 57% used [0x000000076b400000,0x000000076ed49f48,0x0000000771780000)
  from space 10752K, 87% used [0x0000000771780000,0x00000007720b3440,0x0000000772200000)
  to   space 11776K, 0% used [0x0000000775f00000,0x0000000775f00000,0x0000000776a80000)
 ParOldGen       total 97792K, used 7284K [0x00000006c1c00000, 0x00000006c7b80000, 0x000000076b400000)
  object space 97792K, 7% used [0x00000006c1c00000,0x00000006c231d308,0x00000006c7b80000)
 Metaspace       used 33388K, capacity 35336K, committed 35496K, reserved 1081344K
  class space    used 4279K, capacity 4632K, committed 4656K, reserved 1048576K
Event: 9.107 GC heap after
Heap after GC invocations=9 (full 1):
 PSYoungGen      total 174592K, used 8880K [0x000000076b400000, 0x0000000776e00000, 0x00000007c0000000)
  eden space 162816K, 0% used [0x000000076b400000,0x000000076b400000,0x0000000775300000)
  from space 11776K, 75% used [0x0000000775f00000,0x00000007767ac1f0,0x0000000776a80000)
  to   space 12288K, 0% used [0x0000000775300000,0x0000000775300000,0x0000000775f00000)
 ParOldGen       total 97792K, used 8124K [0x00000006c1c00000, 0x00000006c7b80000, 0x000000076b400000)
  object space 97792K, 8% used [0x00000006c1c00000,0x00000006c23ef308,0x00000006c7b80000)
 Metaspace       used 33388K, capacity 35336K, committed 35496K, reserved 1081344K
  class space    used 4279K, capacity 4632K, committed 4656K, reserved 1048576K
}
Event: 9.107 GC heap before
{Heap before GC invocations=10 (full 2):
 PSYoungGen      total 174592K, used 8880K [0x000000076b400000, 0x0000000776e00000, 0x00000007c0000000)
  eden space 162816K, 0% used [0x000000076b400000,0x000000076b400000,0x0000000775300000)
  from space 11776K, 75% used [0x0000000775f00000,0x00000007767ac1f0,0x0000000776a80000)
  to   space 12288K, 0% used [0x0000000775300000,0x0000000775300000,0x0000000775f00000)
 ParOldGen       total 97792K, used 8124K [0x00000006c1c00000, 0x00000006c7b80000, 0x000000076b400000)
  object space 97792K, 8% used [0x00000006c1c00000,0x00000006c23ef308,0x00000006c7b80000)
 Metaspace       used 33388K, capacity 35336K, committed 35496K, reserved 1081344K
  class space    used 4279K, capacity 4632K, committed 4656K, reserved 1048576K
Event: 9.144 GC heap after
Heap after GC invocations=10 (full 2):
 PSYoungGen      total 174592K, used 0K [0x000000076b400000, 0x0000000776e00000, 0x00000007c0000000)
  eden space 162816K, 0% used [0x000000076b400000,0x000000076b400000,0x0000000775300000)
  from space 11776K, 0% used [0x0000000775f00000,0x0000000775f00000,0x0000000776a80000)
  to   space 12288K, 0% used [0x0000000775300000,0x0000000775300000,0x0000000775f00000)
 ParOldGen       total 146944K, used 14214K [0x00000006c1c00000, 0x00000006cab80000, 0x000000076b400000)
  object space 146944K, 9% used [0x00000006c1c00000,0x00000006c29e1ac0,0x00000006cab80000)
 Metaspace       used 33388K, capacity 35336K, committed 35496K, reserved 1081344K
  class space    used 4279K, capacity 4632K, committed 4656K, reserved 1048576K
}

